<html>
<head>
<title>TestNG:  Default test</title>
<link href="../testng.css" rel="stylesheet" type="text/css" />
<link href="../my-testng.css" rel="stylesheet" type="text/css" />

<style type="text/css">
.log { display: none;} 
.stack-trace { display: none;} 
</style>
<script type="text/javascript">
<!--
function flip(e) {
  current = e.style.display;
  if (current == 'block') {
    e.style.display = 'none';
    return 0;
  }
  else {
    e.style.display = 'block';
    return 1;
  }
}

function toggleBox(szDivId, elem, msg1, msg2)
{
  var res = -1;  if (document.getElementById) {
    res = flip(document.getElementById(szDivId));
  }
  else if (document.all) {
    // this is the way old msie versions work
    res = flip(document.all[szDivId]);
  }
  if(elem) {
    if(res == 0) elem.innerHTML = msg1; else elem.innerHTML = msg2;
  }

}

function toggleAllBoxes() {
  if (document.getElementsByTagName) {
    d = document.getElementsByTagName('div');
    for (i = 0; i < d.length; i++) {
      if (d[i].className == 'log') {
        flip(d[i]);
      }
    }
  }
}

// -->
</script>

</head>
<body>
<h2 align='center'>Default test</h2><table border='1' align="center">
<tr>
<td>Tests passed/Failed/Skipped:</td><td>28/1/0</td>
</tr><tr>
<td>Started on:</td><td>Sat Apr 30 17:43:41 IST 2016</td>
</tr>
<tr><td>Total time:</td><td>208 seconds (208020 ms)</td>
</tr><tr>
<td>Included groups:</td><td></td>
</tr><tr>
<td>Excluded groups:</td><td></td>
</tr>
</table><p/>
<small><i>(Hover the method name to see the test class name)</i></small><p/>
<table width='100%' border='1' class='invocation-failed'>
<tr><td colspan='4' align='center'><b>FAILED TESTS</b></td></tr>
<tr><td><b>Test method</b></td>
<td width="30%"><b>Exception</b></td>
<td width="10%"><b>Time (seconds)</b></td>
<td><b>Instance</b></td>
</tr>
<tr>
<td title='com.sss.SSSflow.clickOnFinalizeForms()'><b>clickOnFinalizeForms</b><br>Test class: com.sss.SSSflow</td>
<td><div><pre>org.openqa.selenium.NoSuchElementException: no such element: Unable to locate element: {&quot;method&quot;:&quot;xpath&quot;,&quot;selector&quot;:&quot;//button[text()=&apos;Finalize Forms&apos;]&quot;}
  (Session info: chrome=49.0.2623.112)
  (Driver info: chromedriver=2.20.353145 (343b531d31eeb933ec778dbcf7081628a1396067),platform=Windows NT 6.3 x86_64) (WARNING: The server did not provide any stacktrace information)
Command duration or timeout: 3.07 seconds
For documentation on this error, please visit: http://seleniumhq.org/exceptions/no_such_element.html
Build info: version: &apos;2.48.2&apos;, revision: &apos;41bccdd&apos;, time: &apos;2015-10-09 19:55:52&apos;
System info: host: &apos;user-PC&apos;, ip: &apos;192.168.56.1&apos;, os.name: &apos;Windows 8.1&apos;, os.arch: &apos;amd64&apos;, os.version: &apos;6.3&apos;, java.version: &apos;1.8.0_66&apos;
Driver info: org.openqa.selenium.chrome.ChromeDriver
Capabilities [{applicationCacheEnabled=false, rotatable=false, mobileEmulationEnabled=false, chrome={userDataDir=C:\Users\user\AppData\Local\Temp\scoped_dir10748_9312}, takesHeapSnapshot=true, databaseEnabled=false, handlesAlerts=true, hasTouchScreen=false, version=49.0.2623.112, platform=WIN8_1, browserConnectionEnabled=false, nativeEvents=true, acceptSslCerts=true, locationContextEnabled=true, webStorageEnabled=true, browserName=chrome, takesScreenshot=true, javascriptEnabled=true, cssSelectorsEnabled=true}]
Session ID: 559dde793ff2046c73e46fcd8402c596
*** Element info: {Using=xpath, value=//button[text()=&apos;Finalize Forms&apos;]}
	at sun.reflect.NativeConstructorAccessorImpl.newInstance0(Native Method)
	at sun.reflect.NativeConstructorAccessorImpl.newInstance(Unknown Source)
	at sun.reflect.DelegatingConstructorAccessorImpl.newInstance(Unknown Source)
	at java.lang.reflect.Constructor.newInstance(Unknown Source)
	at org.openqa.selenium.remote.ErrorHandler.createThrowable(ErrorHandler.java:206)
	at org.openqa.selenium.remote.ErrorHandler.throwIfResponseFailed(ErrorHandler.java:158)
	at org.openqa.selenium.remote.RemoteWebDriver.execute(RemoteWebDriver.java:647)
	at org.openqa.selenium.remote.RemoteWebDriver.findElement(RemoteWebDriver.java:353)
	at org.openqa.selenium.remote.RemoteWebDriver.findElementByXPath(RemoteWebDriver.java:490)
	at org.openqa.selenium.By$ByXPath.findElement(By.java:361)
	at org.openqa.selenium.remote.RemoteWebDriver.findElement(RemoteWebDriver.java:345)
	at com.sss.SSSflow.clickOnFinalizeForms(SSSflow.java:204)
	at sun.reflect.NativeMethodAccessorImpl.invoke0(Native Method)
	at sun.reflect.NativeMethodAccessorImpl.invoke(Unknown Source)
	at sun.reflect.DelegatingMethodAccessorImpl.invoke(Unknown Source)
	at java.lang.reflect.Method.invoke(Unknown Source)
	at org.testng.internal.MethodInvocationHelper.invokeMethod(MethodInvocationHelper.java:85)
	at org.testng.internal.Invoker.invokeMethod(Invoker.java:639)
	at org.testng.internal.Invoker.invokeTestMethod(Invoker.java:821)
	at org.testng.internal.Invoker.invokeTestMethods(Invoker.java:1131)
	at org.testng.internal.TestMethodWorker.invokeTestMethods(TestMethodWorker.java:124)
	at org.testng.internal.TestMethodWorker.run(TestMethodWorker.java:108)
	at org.testng.TestRunner.privateRun(TestRunner.java:773)
	at org.testng.TestRunner.run(TestRunner.java:623)
	at org.testng.SuiteRunner.runTest(SuiteRunner.java:357)
	at org.testng.SuiteRunner.runSequentially(SuiteRunner.java:352)
	at org.testng.SuiteRunner.privateRun(SuiteRunner.java:310)
	at org.testng.SuiteRunner.run(SuiteRunner.java:259)
	at org.testng.SuiteRunnerWorker.runSuite(SuiteRunnerWorker.java:52)
	at org.testng.SuiteRunnerWorker.run(SuiteRunnerWorker.java:86)
	at org.testng.TestNG.runSuitesSequentially(TestNG.java:1185)
	at org.testng.TestNG.runSuitesLocally(TestNG.java:1110)
	at org.testng.TestNG.run(TestNG.java:1018)
	at org.testng.remote.RemoteTestNG.run(RemoteTestNG.java:111)
	at org.testng.remote.RemoteTestNG.initAndRun(RemoteTestNG.java:204)
	at org.testng.remote.RemoteTestNG.main(RemoteTestNG.java:175)
</pre></div><a href='#' onClick='toggleBox("stack-trace936653983", this, "Click to show all stack frames", "Click to hide stack frames")'>Click to show all stack frames</a>
<div class='stack-trace' id='stack-trace936653983'><pre>org.openqa.selenium.NoSuchElementException: no such element: Unable to locate element: {&quot;method&quot;:&quot;xpath&quot;,&quot;selector&quot;:&quot;//button[text()=&apos;Finalize Forms&apos;]&quot;}
  (Session info: chrome=49.0.2623.112)
  (Driver info: chromedriver=2.20.353145 (343b531d31eeb933ec778dbcf7081628a1396067),platform=Windows NT 6.3 x86_64) (WARNING: The server did not provide any stacktrace information)
Command duration or timeout: 3.07 seconds
For documentation on this error, please visit: http://seleniumhq.org/exceptions/no_such_element.html
Build info: version: &apos;2.48.2&apos;, revision: &apos;41bccdd&apos;, time: &apos;2015-10-09 19:55:52&apos;
System info: host: &apos;user-PC&apos;, ip: &apos;192.168.56.1&apos;, os.name: &apos;Windows 8.1&apos;, os.arch: &apos;amd64&apos;, os.version: &apos;6.3&apos;, java.version: &apos;1.8.0_66&apos;
Driver info: org.openqa.selenium.chrome.ChromeDriver
Capabilities [{applicationCacheEnabled=false, rotatable=false, mobileEmulationEnabled=false, chrome={userDataDir=C:\Users\user\AppData\Local\Temp\scoped_dir10748_9312}, takesHeapSnapshot=true, databaseEnabled=false, handlesAlerts=true, hasTouchScreen=false, version=49.0.2623.112, platform=WIN8_1, browserConnectionEnabled=false, nativeEvents=true, acceptSslCerts=true, locationContextEnabled=true, webStorageEnabled=true, browserName=chrome, takesScreenshot=true, javascriptEnabled=true, cssSelectorsEnabled=true}]
Session ID: 559dde793ff2046c73e46fcd8402c596
*** Element info: {Using=xpath, value=//button[text()=&apos;Finalize Forms&apos;]}
	at sun.reflect.NativeConstructorAccessorImpl.newInstance0(Native Method)
	at sun.reflect.NativeConstructorAccessorImpl.newInstance(Unknown Source)
	at sun.reflect.DelegatingConstructorAccessorImpl.newInstance(Unknown Source)
	at java.lang.reflect.Constructor.newInstance(Unknown Source)
	at org.openqa.selenium.remote.ErrorHandler.createThrowable(ErrorHandler.java:206)
	at org.openqa.selenium.remote.ErrorHandler.throwIfResponseFailed(ErrorHandler.java:158)
	at org.openqa.selenium.remote.RemoteWebDriver.execute(RemoteWebDriver.java:647)
	at org.openqa.selenium.remote.RemoteWebDriver.findElement(RemoteWebDriver.java:353)
	at org.openqa.selenium.remote.RemoteWebDriver.findElementByXPath(RemoteWebDriver.java:490)
	at org.openqa.selenium.By$ByXPath.findElement(By.java:361)
	at org.openqa.selenium.remote.RemoteWebDriver.findElement(RemoteWebDriver.java:345)
	at com.sss.SSSflow.clickOnFinalizeForms(SSSflow.java:204)
	at sun.reflect.NativeMethodAccessorImpl.invoke0(Native Method)
	at sun.reflect.NativeMethodAccessorImpl.invoke(Unknown Source)
	at sun.reflect.DelegatingMethodAccessorImpl.invoke(Unknown Source)
	at java.lang.reflect.Method.invoke(Unknown Source)
	at org.testng.internal.MethodInvocationHelper.invokeMethod(MethodInvocationHelper.java:85)
	at org.testng.internal.Invoker.invokeMethod(Invoker.java:639)
	at org.testng.internal.Invoker.invokeTestMethod(Invoker.java:821)
	at org.testng.internal.Invoker.invokeTestMethods(Invoker.java:1131)
	at org.testng.internal.TestMethodWorker.invokeTestMethods(TestMethodWorker.java:124)
	at org.testng.internal.TestMethodWorker.run(TestMethodWorker.java:108)
	at org.testng.TestRunner.privateRun(TestRunner.java:773)
	at org.testng.TestRunner.run(TestRunner.java:623)
	at org.testng.SuiteRunner.runTest(SuiteRunner.java:357)
	at org.testng.SuiteRunner.runSequentially(SuiteRunner.java:352)
	at org.testng.SuiteRunner.privateRun(SuiteRunner.java:310)
	at org.testng.SuiteRunner.run(SuiteRunner.java:259)
	at org.testng.SuiteRunnerWorker.runSuite(SuiteRunnerWorker.java:52)
	at org.testng.SuiteRunnerWorker.run(SuiteRunnerWorker.java:86)
	at org.testng.TestNG.runSuitesSequentially(TestNG.java:1185)
	at org.testng.TestNG.runSuitesLocally(TestNG.java:1110)
	at org.testng.TestNG.run(TestNG.java:1018)
	at org.testng.remote.RemoteTestNG.run(RemoteTestNG.java:111)
	at org.testng.remote.RemoteTestNG.initAndRun(RemoteTestNG.java:204)
	at org.testng.remote.RemoteTestNG.main(RemoteTestNG.java:175)
</pre></div></td>
<td>3</td>
<td>com.sss.SSSflow@3b6eb2ec</td></tr>
</table><p>
<table width='100%' border='1' class='invocation-passed'>
<tr><td colspan='4' align='center'><b>PASSED TESTS</b></td></tr>
<tr><td><b>Test method</b></td>
<td width="30%"><b>Exception</b></td>
<td width="10%"><b>Time (seconds)</b></td>
<td><b>Instance</b></td>
</tr>
<tr>
<td title='com.sss.SSSflow.ViewSdc()'><b>ViewSdc</b><br>Test class: com.sss.SSSflow</td>
<td></td>
<td>4</td>
<td>com.sss.SSSflow@3b6eb2ec</td></tr>
<tr>
<td title='com.sss.SSSflow.clickOnAddUserDelegate()'><b>clickOnAddUserDelegate</b><br>Test class: com.sss.SSSflow</td>
<td></td>
<td>4</td>
<td>com.sss.SSSflow@3b6eb2ec</td></tr>
<tr>
<td title='com.sss.SSSflow.clickOnIRStatus()'><b>clickOnIRStatus</b><br>Test class: com.sss.SSSflow</td>
<td></td>
<td>6</td>
<td>com.sss.SSSflow@3b6eb2ec</td></tr>
<tr>
<td title='com.sss.SSSflow.clickOnSalesIRStatus()'><b>clickOnSalesIRStatus</b><br>Test class: com.sss.SSSflow</td>
<td></td>
<td>14</td>
<td>com.sss.SSSflow@3b6eb2ec</td></tr>
<tr>
<td title='com.sss.SSSflow.clickOnSaveOfSales()'><b>clickOnSaveOfSales</b><br>Test class: com.sss.SSSflow</td>
<td></td>
<td>3</td>
<td>com.sss.SSSflow@3b6eb2ec</td></tr>
<tr>
<td title='com.sss.SSSflow.clickOnView()'><b>clickOnView</b><br>Test class: com.sss.SSSflow</td>
<td></td>
<td>3</td>
<td>com.sss.SSSflow@3b6eb2ec</td></tr>
<tr>
<td title='com.sss.SSSflow.clickOnViewAndEdit()'><b>clickOnViewAndEdit</b><br>Test class: com.sss.SSSflow</td>
<td></td>
<td>2</td>
<td>com.sss.SSSflow@3b6eb2ec</td></tr>
<tr>
<td title='com.sss.SSSflow.clickOnViewAsDelegate()'><b>clickOnViewAsDelegate</b><br>Test class: com.sss.SSSflow</td>
<td></td>
<td>3</td>
<td>com.sss.SSSflow@3b6eb2ec</td></tr>
<tr>
<td title='com.sss.SSSflow.completeDelegate()'><b>completeDelegate</b><br>Test class: com.sss.SSSflow</td>
<td></td>
<td>12</td>
<td>com.sss.SSSflow@3b6eb2ec</td></tr>
<tr>
<td title='com.sss.SSSflow.implementationContact()'><b>implementationContact</b><br>Test class: com.sss.SSSflow</td>
<td></td>
<td>4</td>
<td>com.sss.SSSflow@3b6eb2ec</td></tr>
<tr>
<td title='com.sss.SSSflow.instructions()'><b>instructions</b><br>Test class: com.sss.SSSflow</td>
<td></td>
<td>4</td>
<td>com.sss.SSSflow@3b6eb2ec</td></tr>
<tr>
<td title='com.sss.SSSflow.logOut()'><b>logOut</b><br>Test class: com.sss.SSSflow</td>
<td></td>
<td>3</td>
<td>com.sss.SSSflow@3b6eb2ec</td></tr>
<tr>
<td title='com.sss.SSSflow.login()'><b>login</b><br>Test class: com.sss.SSSflow</td>
<td></td>
<td>4</td>
<td>com.sss.SSSflow@3b6eb2ec</td></tr>
<tr>
<td title='com.sss.SSSflow.loginAsDelegate()'><b>loginAsDelegate</b><br>Test class: com.sss.SSSflow</td>
<td></td>
<td>3</td>
<td>com.sss.SSSflow@3b6eb2ec</td></tr>
<tr>
<td title='com.sss.SSSflow.processingContact()'><b>processingContact</b><br>Test class: com.sss.SSSflow</td>
<td></td>
<td>8</td>
<td>com.sss.SSSflow@3b6eb2ec</td></tr>
<tr>
<td title='com.sss.SSSflow.salesComplete()'><b>salesComplete</b><br>Test class: com.sss.SSSflow</td>
<td></td>
<td>18</td>
<td>com.sss.SSSflow@3b6eb2ec</td></tr>
<tr>
<td title='com.sss.SSSflow.salesEdit()'><b>salesEdit</b><br>Test class: com.sss.SSSflow</td>
<td></td>
<td>4</td>
<td>com.sss.SSSflow@3b6eb2ec</td></tr>
<tr>
<td title='com.sss.SSSflow.salesReview()'><b>salesReview</b><br>Test class: com.sss.SSSflow</td>
<td></td>
<td>10</td>
<td>com.sss.SSSflow@3b6eb2ec</td></tr>
<tr>
<td title='com.sss.SSSflow.salesSave()'><b>salesSave</b><br>Test class: com.sss.SSSflow</td>
<td></td>
<td>17</td>
<td>com.sss.SSSflow@3b6eb2ec</td></tr>
<tr>
<td title='com.sss.SSSflow.salesViewEdit()'><b>salesViewEdit</b><br>Test class: com.sss.SSSflow</td>
<td></td>
<td>8</td>
<td>com.sss.SSSflow@3b6eb2ec</td></tr>
<tr>
<td title='com.sss.SSSflow.sales_Login()'><b>sales_Login</b><br>Test class: com.sss.SSSflow</td>
<td></td>
<td>7</td>
<td>com.sss.SSSflow@3b6eb2ec</td></tr>
<tr>
<td title='com.sss.SSSflow.saveDelegate()'><b>saveDelegate</b><br>Test class: com.sss.SSSflow</td>
<td></td>
<td>15</td>
<td>com.sss.SSSflow@3b6eb2ec</td></tr>
<tr>
<td title='com.sss.SSSflow.selectAccounts()'><b>selectAccounts</b><br>Test class: com.sss.SSSflow</td>
<td></td>
<td>4</td>
<td>com.sss.SSSflow@3b6eb2ec</td></tr>
<tr>
<td title='com.sss.SSSflow.signOutFromSales()'><b>signOutFromSales</b><br>Test class: com.sss.SSSflow</td>
<td></td>
<td>5</td>
<td>com.sss.SSSflow@3b6eb2ec</td></tr>
<tr>
<td title='com.sss.SSSflow.signinAsSDC()'><b>signinAsSDC</b><br>Test class: com.sss.SSSflow</td>
<td></td>
<td>4</td>
<td>com.sss.SSSflow@3b6eb2ec</td></tr>
<tr>
<td title='com.sss.SSSflow.signoutFromDelegate()'><b>signoutFromDelegate</b><br>Test class: com.sss.SSSflow</td>
<td></td>
<td>10</td>
<td>com.sss.SSSflow@3b6eb2ec</td></tr>
<tr>
<td title='com.sss.SSSflow.technicalContact()'><b>technicalContact</b><br>Test class: com.sss.SSSflow</td>
<td></td>
<td>4</td>
<td>com.sss.SSSflow@3b6eb2ec</td></tr>
<tr>
<td title='com.sss.SSSflow.viewAndEdit()'><b>viewAndEdit</b><br>Test class: com.sss.SSSflow</td>
<td></td>
<td>2</td>
<td>com.sss.SSSflow@3b6eb2ec</td></tr>
</table><p>
</body>
</html>