<?xml version="1.0" encoding="UTF-8"?>
<!-- Generated by org.testng.reporters.JUnitReportReporter -->
<testsuite hostname="user-PC" name="com.sss.SSSflow" tests="29" failures="0" timestamp="30 Apr 2016 12:17:09 GMT" time="199.367" errors="1">
  <testcase name="clickOnSaveOfSales" time="3.713" classname="com.sss.SSSflow"/>
  <testcase name="salesReview" time="10.220" classname="com.sss.SSSflow"/>
  <testcase name="clickOnViewAsDelegate" time="3.572" classname="com.sss.SSSflow"/>
  <testcase name="implementationContact" time="4.234" classname="com.sss.SSSflow"/>
  <testcase name="salesSave" time="17.453" classname="com.sss.SSSflow"/>
  <testcase name="salesComplete" time="18.397" classname="com.sss.SSSflow"/>
  <testcase name="salesViewEdit" time="8.450" classname="com.sss.SSSflow"/>
  <testcase name="clickOnFinalizeForms" time="3.108" classname="com.sss.SSSflow">
    <error type="org.openqa.selenium.NoSuchElementException" message="no such element: Unable to locate element: {&quot;method&quot;:&quot;xpath&quot;,&quot;selector&quot;:&quot;//button[text()=&#039;Finalize Forms&#039;]&quot;}
  (Session info: chrome=49.0.2623.112)
  (Driver info: chromedriver=2.20.353145 (343b531d31eeb933ec778dbcf7081628a1396067),platform=Windows NT 6.3 x86_64) (WARNING: The server did not provide any stacktrace information)
Command duration or timeout: 3.07 seconds
For documentation on this error, please visit: http://seleniumhq.org/exceptions/no_such_element.html
Build info: version: &#039;2.48.2&#039;, revision: &#039;41bccdd&#039;, time: &#039;2015-10-09 19:55:52&#039;
System info: host: &#039;user-PC&#039;, ip: &#039;192.168.56.1&#039;, os.name: &#039;Windows 8.1&#039;, os.arch: &#039;amd64&#039;, os.version: &#039;6.3&#039;, java.version: &#039;1.8.0_66&#039;
Driver info: org.openqa.selenium.chrome.ChromeDriver
Capabilities [{applicationCacheEnabled=false, rotatable=false, mobileEmulationEnabled=false, chrome={userDataDir=C:\Users\user\AppData\Local\Temp\scoped_dir10748_9312}, takesHeapSnapshot=true, databaseEnabled=false, handlesAlerts=true, hasTouchScreen=false, version=49.0.2623.112, platform=WIN8_1, browserConnectionEnabled=false, nativeEvents=true, acceptSslCerts=true, locationContextEnabled=true, webStorageEnabled=true, browserName=chrome, takesScreenshot=true, javascriptEnabled=true, cssSelectorsEnabled=true}]
Session ID: 559dde793ff2046c73e46fcd8402c596
*** Element info: {Using=xpath, value=//button[text()=&#039;Finalize Forms&#039;]}">
      <![CDATA[org.openqa.selenium.NoSuchElementException: no such element: Unable to locate element: {"method":"xpath","selector":"//button[text()='Finalize Forms']"}
  (Session info: chrome=49.0.2623.112)
  (Driver info: chromedriver=2.20.353145 (343b531d31eeb933ec778dbcf7081628a1396067),platform=Windows NT 6.3 x86_64) (WARNING: The server did not provide any stacktrace information)
Command duration or timeout: 3.07 seconds
For documentation on this error, please visit: http://seleniumhq.org/exceptions/no_such_element.html
Build info: version: '2.48.2', revision: '41bccdd', time: '2015-10-09 19:55:52'
System info: host: 'user-PC', ip: '192.168.56.1', os.name: 'Windows 8.1', os.arch: 'amd64', os.version: '6.3', java.version: '1.8.0_66'
Driver info: org.openqa.selenium.chrome.ChromeDriver
Capabilities [{applicationCacheEnabled=false, rotatable=false, mobileEmulationEnabled=false, chrome={userDataDir=C:\Users\user\AppData\Local\Temp\scoped_dir10748_9312}, takesHeapSnapshot=true, databaseEnabled=false, handlesAlerts=true, hasTouchScreen=false, version=49.0.2623.112, platform=WIN8_1, browserConnectionEnabled=false, nativeEvents=true, acceptSslCerts=true, locationContextEnabled=true, webStorageEnabled=true, browserName=chrome, takesScreenshot=true, javascriptEnabled=true, cssSelectorsEnabled=true}]
Session ID: 559dde793ff2046c73e46fcd8402c596
*** Element info: {Using=xpath, value=//button[text()='Finalize Forms']}
	at sun.reflect.NativeConstructorAccessorImpl.newInstance0(Native Method)
	at sun.reflect.NativeConstructorAccessorImpl.newInstance(Unknown Source)
	at sun.reflect.DelegatingConstructorAccessorImpl.newInstance(Unknown Source)
	at java.lang.reflect.Constructor.newInstance(Unknown Source)
	at org.openqa.selenium.remote.ErrorHandler.createThrowable(ErrorHandler.java:206)
	at org.openqa.selenium.remote.ErrorHandler.throwIfResponseFailed(ErrorHandler.java:158)
	at org.openqa.selenium.remote.RemoteWebDriver.execute(RemoteWebDriver.java:647)
	at org.openqa.selenium.remote.RemoteWebDriver.findElement(RemoteWebDriver.java:353)
	at org.openqa.selenium.remote.RemoteWebDriver.findElementByXPath(RemoteWebDriver.java:490)
	at org.openqa.selenium.By$ByXPath.findElement(By.java:361)
	at org.openqa.selenium.remote.RemoteWebDriver.findElement(RemoteWebDriver.java:345)
	at com.sss.SSSflow.clickOnFinalizeForms(SSSflow.java:204)
	at sun.reflect.NativeMethodAccessorImpl.invoke0(Native Method)
	at sun.reflect.NativeMethodAccessorImpl.invoke(Unknown Source)
	at sun.reflect.DelegatingMethodAccessorImpl.invoke(Unknown Source)
	at java.lang.reflect.Method.invoke(Unknown Source)
	at org.testng.internal.MethodInvocationHelper.invokeMethod(MethodInvocationHelper.java:85)
	at org.testng.internal.Invoker.invokeMethod(Invoker.java:639)
	at org.testng.internal.Invoker.invokeTestMethod(Invoker.java:821)
	at org.testng.internal.Invoker.invokeTestMethods(Invoker.java:1131)
	at org.testng.internal.TestMethodWorker.invokeTestMethods(TestMethodWorker.java:124)
	at org.testng.internal.TestMethodWorker.run(TestMethodWorker.java:108)
	at org.testng.TestRunner.privateRun(TestRunner.java:773)
	at org.testng.TestRunner.run(TestRunner.java:623)
	at org.testng.SuiteRunner.runTest(SuiteRunner.java:357)
	at org.testng.SuiteRunner.runSequentially(SuiteRunner.java:352)
	at org.testng.SuiteRunner.privateRun(SuiteRunner.java:310)
	at org.testng.SuiteRunner.run(SuiteRunner.java:259)
	at org.testng.SuiteRunnerWorker.runSuite(SuiteRunnerWorker.java:52)
	at org.testng.SuiteRunnerWorker.run(SuiteRunnerWorker.java:86)
	at org.testng.TestNG.runSuitesSequentially(TestNG.java:1185)
	at org.testng.TestNG.runSuitesLocally(TestNG.java:1110)
	at org.testng.TestNG.run(TestNG.java:1018)
	at org.testng.remote.RemoteTestNG.run(RemoteTestNG.java:111)
	at org.testng.remote.RemoteTestNG.initAndRun(RemoteTestNG.java:204)
	at org.testng.remote.RemoteTestNG.main(RemoteTestNG.java:175)
]]>
    </error>
  </testcase> <!-- clickOnFinalizeForms -->
  <testcase name="loginAsDelegate" time="3.406" classname="com.sss.SSSflow"/>
  <testcase name="clickOnView" time="3.055" classname="com.sss.SSSflow"/>
  <testcase name="salesEdit" time="4.148" classname="com.sss.SSSflow"/>
  <testcase name="completeDelegate" time="12.951" classname="com.sss.SSSflow"/>
  <testcase name="ViewSdc" time="4.016" classname="com.sss.SSSflow"/>
  <testcase name="signinAsSDC" time="4.231" classname="com.sss.SSSflow"/>
  <testcase name="clickOnAddUserDelegate" time="4.773" classname="com.sss.SSSflow"/>
  <testcase name="technicalContact" time="4.272" classname="com.sss.SSSflow"/>
  <testcase name="selectAccounts" time="4.251" classname="com.sss.SSSflow"/>
  <testcase name="signoutFromDelegate" time="10.048" classname="com.sss.SSSflow"/>
  <testcase name="clickOnIRStatus" time="6.071" classname="com.sss.SSSflow"/>
  <testcase name="viewAndEdit" time="2.950" classname="com.sss.SSSflow"/>
  <testcase name="clickOnSalesIRStatus" time="14.199" classname="com.sss.SSSflow"/>
  <testcase name="processingContact" time="8.000" classname="com.sss.SSSflow"/>
  <testcase name="saveDelegate" time="15.383" classname="com.sss.SSSflow"/>
  <testcase name="sales_Login" time="7.915" classname="com.sss.SSSflow"/>
  <testcase name="clickOnViewAndEdit" time="2.981" classname="com.sss.SSSflow"/>
  <testcase name="login" time="4.386" classname="com.sss.SSSflow"/>
  <testcase name="signOutFromSales" time="5.900" classname="com.sss.SSSflow"/>
  <testcase name="instructions" time="4.107" classname="com.sss.SSSflow"/>
  <testcase name="logOut" time="3.177" classname="com.sss.SSSflow"/>
</testsuite> <!-- com.sss.SSSflow -->
